<?xml version="1.0" encoding="UTF-8"?>
<testng-results skipped="0" failed="1" ignored="0" total="4" passed="3">
  <reporter-output>
  </reporter-output>
  <suite name="Suite" duration-ms="145673" started-at="2020-04-06T20:53:25 IST" finished-at="2020-04-06T20:55:51 IST">
    <groups>
    </groups>
    <test name="Test" duration-ms="145673" started-at="2020-04-06T20:53:25 IST" finished-at="2020-04-06T20:55:51 IST">
      <class name="com.myntraTestScript.Profile">
        <test-method status="PASS" signature="configBC()[pri:0, instance:com.myntraTestScript.Profile@2b552920]" name="configBC" is-config="true" duration-ms="21050" started-at="2020-04-06T20:53:56 IST" finished-at="2020-04-06T20:54:17 IST">
          <reporter-output>
          </reporter-output>
        </test-method> <!-- configBC -->
        <test-method status="PASS" signature="configBM()[pri:0, instance:com.myntraTestScript.Profile@2b552920]" name="configBM" is-config="true" duration-ms="818" started-at="2020-04-06T20:54:17 IST" finished-at="2020-04-06T20:54:17 IST">
          <reporter-output>
          </reporter-output>
        </test-method> <!-- configBM -->
        <test-method status="PASS" signature="profile()[pri:0, instance:com.myntraTestScript.Profile@2b552920]" name="profile" duration-ms="7070" started-at="2020-04-06T20:54:17 IST" finished-at="2020-04-06T20:54:24 IST">
          <reporter-output>
          </reporter-output>
        </test-method> <!-- profile -->
        <test-method status="PASS" signature="configAM()[pri:0, instance:com.myntraTestScript.Profile@2b552920]" name="configAM" is-config="true" duration-ms="1" started-at="2020-04-06T20:54:24 IST" finished-at="2020-04-06T20:54:24 IST">
          <reporter-output>
          </reporter-output>
        </test-method> <!-- configAM -->
        <test-method status="PASS" signature="configAC()[pri:0, instance:com.myntraTestScript.Profile@2b552920]" name="configAC" is-config="true" duration-ms="1" started-at="2020-04-06T20:54:24 IST" finished-at="2020-04-06T20:54:24 IST">
          <reporter-output>
          </reporter-output>
        </test-method> <!-- configAC -->
      </class> <!-- com.myntraTestScript.Profile -->
      <class name="com.myntraTestScript.Cart">
        <test-method status="PASS" signature="configBC()[pri:0, instance:com.myntraTestScript.Cart@627551fb]" name="configBC" is-config="true" duration-ms="23313" started-at="2020-04-06T20:53:25 IST" finished-at="2020-04-06T20:53:48 IST">
          <reporter-output>
          </reporter-output>
        </test-method> <!-- configBC -->
        <test-method status="PASS" signature="configBM()[pri:0, instance:com.myntraTestScript.Cart@627551fb]" name="configBM" is-config="true" duration-ms="617" started-at="2020-04-06T20:53:48 IST" finished-at="2020-04-06T20:53:49 IST">
          <reporter-output>
          </reporter-output>
        </test-method> <!-- configBM -->
        <test-method status="PASS" signature="cart()[pri:0, instance:com.myntraTestScript.Cart@627551fb]" name="cart" duration-ms="6534" started-at="2020-04-06T20:53:49 IST" finished-at="2020-04-06T20:53:56 IST">
          <reporter-output>
          </reporter-output>
        </test-method> <!-- cart -->
        <test-method status="PASS" signature="configAM()[pri:0, instance:com.myntraTestScript.Cart@627551fb]" name="configAM" is-config="true" duration-ms="1" started-at="2020-04-06T20:53:56 IST" finished-at="2020-04-06T20:53:56 IST">
          <reporter-output>
          </reporter-output>
        </test-method> <!-- configAM -->
        <test-method status="PASS" signature="configAC()[pri:0, instance:com.myntraTestScript.Cart@627551fb]" name="configAC" is-config="true" duration-ms="0" started-at="2020-04-06T20:53:56 IST" finished-at="2020-04-06T20:53:56 IST">
          <reporter-output>
          </reporter-output>
        </test-method> <!-- configAC -->
      </class> <!-- com.myntraTestScript.Cart -->
      <class name="com.myntraTestScript.Capture_Price">
        <test-method status="PASS" signature="configBC()[pri:0, instance:com.myntraTestScript.Capture_Price@2758fe70]" name="configBC" is-config="true" duration-ms="15549" started-at="2020-04-06T20:54:24 IST" finished-at="2020-04-06T20:54:40 IST">
          <reporter-output>
          </reporter-output>
        </test-method> <!-- configBC -->
        <test-method status="PASS" signature="configBM()[pri:0, instance:com.myntraTestScript.Capture_Price@2758fe70]" name="configBM" is-config="true" duration-ms="698" started-at="2020-04-06T20:54:40 IST" finished-at="2020-04-06T20:54:41 IST">
          <reporter-output>
          </reporter-output>
        </test-method> <!-- configBM -->
        <test-method status="PASS" signature="captureprice()[pri:0, instance:com.myntraTestScript.Capture_Price@2758fe70]" name="captureprice" duration-ms="14238" started-at="2020-04-06T20:54:41 IST" finished-at="2020-04-06T20:54:55 IST">
          <reporter-output>
          </reporter-output>
        </test-method> <!-- captureprice -->
        <test-method status="PASS" signature="configAM()[pri:0, instance:com.myntraTestScript.Capture_Price@2758fe70]" name="configAM" is-config="true" duration-ms="1" started-at="2020-04-06T20:54:55 IST" finished-at="2020-04-06T20:54:55 IST">
          <reporter-output>
          </reporter-output>
        </test-method> <!-- configAM -->
        <test-method status="PASS" signature="configAC()[pri:0, instance:com.myntraTestScript.Capture_Price@2758fe70]" name="configAC" is-config="true" duration-ms="1" started-at="2020-04-06T20:54:55 IST" finished-at="2020-04-06T20:54:55 IST">
          <reporter-output>
          </reporter-output>
        </test-method> <!-- configAC -->
      </class> <!-- com.myntraTestScript.Capture_Price -->
      <class name="com.myntraTestScript.Add_To_Wishlist">
        <test-method status="PASS" signature="configBC()[pri:0, instance:com.myntraTestScript.Add_To_Wishlist@1f36e637]" name="configBC" is-config="true" duration-ms="21218" started-at="2020-04-06T20:54:55 IST" finished-at="2020-04-06T20:55:16 IST">
          <reporter-output>
          </reporter-output>
        </test-method> <!-- configBC -->
        <test-method status="PASS" signature="configBM()[pri:0, instance:com.myntraTestScript.Add_To_Wishlist@1f36e637]" name="configBM" is-config="true" duration-ms="711" started-at="2020-04-06T20:55:16 IST" finished-at="2020-04-06T20:55:17 IST">
          <reporter-output>
          </reporter-output>
        </test-method> <!-- configBM -->
        <test-method status="FAIL" signature="addtowhishlist()[pri:0, instance:com.myntraTestScript.Add_To_Wishlist@1f36e637]" name="addtowhishlist" duration-ms="33773" started-at="2020-04-06T20:55:17 IST" finished-at="2020-04-06T20:55:51 IST">
          <exception class="org.openqa.selenium.NoSuchElementException">
            <message>
              <![CDATA[no such element: Unable to locate element: {"method":"xpath","selector":"//div[text()='Apple iPhone 11 (Black, 128 GB)']"}
  (Session info: chrome=80.0.3987.149)
For documentation on this error, please visit: https://www.seleniumhq.org/exceptions/no_such_element.html
Build info: version: '3.141.59', revision: 'e82be7d358', time: '2018-11-14T08:25:53'
System info: host: 'LAPTOP-40Q5IGGL', ip: '192.168.43.176', os.name: 'Windows 10', os.arch: 'amd64', os.version: '10.0', java.version: '1.8.0_221'
Driver info: org.openqa.selenium.chrome.ChromeDriver
Capabilities {acceptInsecureCerts: false, browserName: chrome, browserVersion: 80.0.3987.149, chrome: {chromedriverVersion: 79.0.3945.36 (3582db32b3389..., userDataDir: C:\Users\GURUPR~1\AppData\L...}, goog:chromeOptions: {debuggerAddress: localhost:51654}, javascriptEnabled: true, networkConnectionEnabled: false, pageLoadStrategy: normal, platform: WINDOWS, platformName: WINDOWS, proxy: Proxy(), setWindowRect: true, strictFileInteractability: false, timeouts: {implicit: 0, pageLoad: 300000, script: 30000}, unhandledPromptBehavior: dismiss and notify}
Session ID: 027203439099bef76d59307da7463572
*** Element info: {Using=xpath, value=//div[text()='Apple iPhone 11 (Black, 128 GB)']}]]>
            </message>
            <full-stacktrace>
              <![CDATA[org.openqa.selenium.NoSuchElementException: no such element: Unable to locate element: {"method":"xpath","selector":"//div[text()='Apple iPhone 11 (Black, 128 GB)']"}
  (Session info: chrome=80.0.3987.149)
For documentation on this error, please visit: https://www.seleniumhq.org/exceptions/no_such_element.html
Build info: version: '3.141.59', revision: 'e82be7d358', time: '2018-11-14T08:25:53'
System info: host: 'LAPTOP-40Q5IGGL', ip: '192.168.43.176', os.name: 'Windows 10', os.arch: 'amd64', os.version: '10.0', java.version: '1.8.0_221'
Driver info: org.openqa.selenium.chrome.ChromeDriver
Capabilities {acceptInsecureCerts: false, browserName: chrome, browserVersion: 80.0.3987.149, chrome: {chromedriverVersion: 79.0.3945.36 (3582db32b3389..., userDataDir: C:\Users\GURUPR~1\AppData\L...}, goog:chromeOptions: {debuggerAddress: localhost:51654}, javascriptEnabled: true, networkConnectionEnabled: false, pageLoadStrategy: normal, platform: WINDOWS, platformName: WINDOWS, proxy: Proxy(), setWindowRect: true, strictFileInteractability: false, timeouts: {implicit: 0, pageLoad: 300000, script: 30000}, unhandledPromptBehavior: dismiss and notify}
Session ID: 027203439099bef76d59307da7463572
*** Element info: {Using=xpath, value=//div[text()='Apple iPhone 11 (Black, 128 GB)']}
at sun.reflect.NativeConstructorAccessorImpl.newInstance0(Native Method)
at sun.reflect.NativeConstructorAccessorImpl.newInstance(Unknown Source)
at sun.reflect.DelegatingConstructorAccessorImpl.newInstance(Unknown Source)
at java.lang.reflect.Constructor.newInstance(Unknown Source)
at org.openqa.selenium.remote.http.W3CHttpResponseCodec.createException(W3CHttpResponseCodec.java:187)
at org.openqa.selenium.remote.http.W3CHttpResponseCodec.decode(W3CHttpResponseCodec.java:122)
at org.openqa.selenium.remote.http.W3CHttpResponseCodec.decode(W3CHttpResponseCodec.java:49)
at org.openqa.selenium.remote.HttpCommandExecutor.execute(HttpCommandExecutor.java:158)
at org.openqa.selenium.remote.service.DriverCommandExecutor.execute(DriverCommandExecutor.java:83)
at org.openqa.selenium.remote.RemoteWebDriver.execute(RemoteWebDriver.java:552)
at org.openqa.selenium.remote.RemoteWebDriver.findElement(RemoteWebDriver.java:323)
at org.openqa.selenium.remote.RemoteWebDriver.findElementByXPath(RemoteWebDriver.java:428)
at org.openqa.selenium.By$ByXPath.findElement(By.java:353)
at org.openqa.selenium.remote.RemoteWebDriver.findElement(RemoteWebDriver.java:315)
at org.openqa.selenium.support.pagefactory.DefaultElementLocator.findElement(DefaultElementLocator.java:69)
at org.openqa.selenium.support.pagefactory.internal.LocatingElementHandler.invoke(LocatingElementHandler.java:38)
at com.sun.proxy.$Proxy11.click(Unknown Source)
at com.myntraObjectRepository.Mobiles.addtowishlist(Mobiles.java:38)
at com.myntraTestScript.Add_To_Wishlist.addtowhishlist(Add_To_Wishlist.java:22)
at sun.reflect.NativeMethodAccessorImpl.invoke0(Native Method)
at sun.reflect.NativeMethodAccessorImpl.invoke(Unknown Source)
at sun.reflect.DelegatingMethodAccessorImpl.invoke(Unknown Source)
at java.lang.reflect.Method.invoke(Unknown Source)
at org.testng.internal.MethodInvocationHelper.invokeMethod(MethodInvocationHelper.java:133)
at org.testng.internal.TestInvoker.invokeMethod(TestInvoker.java:584)
at org.testng.internal.TestInvoker.invokeTestMethod(TestInvoker.java:172)
at org.testng.internal.MethodRunner.runInSequence(MethodRunner.java:46)
at org.testng.internal.TestInvoker$MethodInvocationAgent.invoke(TestInvoker.java:804)
at org.testng.internal.TestInvoker.invokeTestMethods(TestInvoker.java:145)
at org.testng.internal.TestMethodWorker.invokeTestMethods(TestMethodWorker.java:146)
at org.testng.internal.TestMethodWorker.run(TestMethodWorker.java:128)
at java.util.ArrayList.forEach(Unknown Source)
at org.testng.TestRunner.privateRun(TestRunner.java:770)
at org.testng.TestRunner.run(TestRunner.java:591)
at org.testng.SuiteRunner.runTest(SuiteRunner.java:402)
at org.testng.SuiteRunner.runSequentially(SuiteRunner.java:396)
at org.testng.SuiteRunner.privateRun(SuiteRunner.java:355)
at org.testng.SuiteRunner.run(SuiteRunner.java:304)
at org.testng.SuiteRunnerWorker.runSuite(SuiteRunnerWorker.java:53)
at org.testng.SuiteRunnerWorker.run(SuiteRunnerWorker.java:96)
at org.testng.TestNG.runSuitesSequentially(TestNG.java:1180)
at org.testng.TestNG.runSuitesLocally(TestNG.java:1102)
at org.testng.TestNG.runSuites(TestNG.java:1032)
at org.testng.TestNG.run(TestNG.java:1000)
at org.testng.remote.AbstractRemoteTestNG.run(AbstractRemoteTestNG.java:115)
at org.testng.remote.RemoteTestNG.initAndRun(RemoteTestNG.java:251)
at org.testng.remote.RemoteTestNG.main(RemoteTestNG.java:77)
]]>
            </full-stacktrace>
          </exception> <!-- org.openqa.selenium.NoSuchElementException -->
          <reporter-output>
          </reporter-output>
        </test-method> <!-- addtowhishlist -->
        <test-method status="PASS" signature="configAC()[pri:0, instance:com.myntraTestScript.Add_To_Wishlist@1f36e637]" name="configAC" is-config="true" duration-ms="1" started-at="2020-04-06T20:55:51 IST" finished-at="2020-04-06T20:55:51 IST">
          <reporter-output>
          </reporter-output>
        </test-method> <!-- configAC -->
        <test-method status="PASS" signature="configAM()[pri:0, instance:com.myntraTestScript.Add_To_Wishlist@1f36e637]" name="configAM" is-config="true" duration-ms="0" started-at="2020-04-06T20:55:51 IST" finished-at="2020-04-06T20:55:51 IST">
          <reporter-output>
          </reporter-output>
        </test-method> <!-- configAM -->
      </class> <!-- com.myntraTestScript.Add_To_Wishlist -->
    </test> <!-- Test -->
  </suite> <!-- Suite -->
</testng-results>
